2023-03-28 20:33:25.455  INFO 1 --- [main] c.msvc.usuarios.MsvcUsuariosApplication  : Starting MsvcUsuariosApplication v0.0.1-SNAPSHOT using Java 17-ea on e616ac8ba1a6 with PID 1 (/app/msvc-usuarios-0.0.1-SNAPSHOT.jar started by root in /app)
2023-03-28 20:33:25.468  INFO 1 --- [main] c.msvc.usuarios.MsvcUsuariosApplication  : No active profile set, falling back to 1 default profile: "default"
2023-03-28 20:33:26.748  INFO 1 --- [main] .s.d.r.c.RepositoryConfigurationDelegate : Bootstrapping Spring Data JPA repositories in DEFAULT mode.
2023-03-28 20:33:26.864  INFO 1 --- [main] .s.d.r.c.RepositoryConfigurationDelegate : Finished Spring Data repository scanning in 99 ms. Found 1 JPA repository interfaces.
2023-03-28 20:33:27.250  INFO 1 --- [main] o.s.cloud.context.scope.GenericScope     : BeanFactory id=3faba6b1-6dc7-3e3e-88a9-ea58364420fe
2023-03-28 20:33:27.889  INFO 1 --- [main] o.s.b.w.embedded.tomcat.TomcatWebServer  : Tomcat initialized with port(s): 8001 (http)
2023-03-28 20:33:27.909  INFO 1 --- [main] o.apache.catalina.core.StandardService   : Starting service [Tomcat]
2023-03-28 20:33:27.910  INFO 1 --- [main] org.apache.catalina.core.StandardEngine  : Starting Servlet engine: [Apache Tomcat/9.0.58]
2023-03-28 20:33:28.002  INFO 1 --- [main] o.a.c.c.C.[Tomcat].[localhost].[/]       : Initializing Spring embedded WebApplicationContext
2023-03-28 20:33:28.003  INFO 1 --- [main] w.s.c.ServletWebServerApplicationContext : Root WebApplicationContext: initialization completed in 2453 ms
2023-03-28 20:33:28.211  INFO 1 --- [main] com.zaxxer.hikari.HikariDataSource       : HikariPool-1 - Starting...
2023-03-28 20:33:28.630  INFO 1 --- [main] com.zaxxer.hikari.HikariDataSource       : HikariPool-1 - Start completed.
2023-03-28 20:33:28.695  INFO 1 --- [main] o.hibernate.jpa.internal.util.LogHelper  : HHH000204: Processing PersistenceUnitInfo [name: default]
2023-03-28 20:33:28.782  INFO 1 --- [main] org.hibernate.Version                    : HHH000412: Hibernate ORM core version 5.6.5.Final
2023-03-28 20:33:29.103  INFO 1 --- [main] o.hibernate.annotations.common.Version   : HCANN000001: Hibernate Commons Annotations {5.1.2.Final}
2023-03-28 20:33:29.252  INFO 1 --- [main] org.hibernate.dialect.Dialect            : HHH000400: Using dialect: org.hibernate.dialect.MySQLDialect
2023-03-28 20:33:30.220  INFO 1 --- [main] o.h.e.t.j.p.i.JtaPlatformInitiator       : HHH000490: Using JtaPlatform implementation: [org.hibernate.engine.transaction.jta.platform.internal.NoJtaPlatform]
2023-03-28 20:33:30.241  INFO 1 --- [main] j.LocalContainerEntityManagerFactoryBean : Initialized JPA EntityManagerFactory for persistence unit 'default'
2023-03-28 20:33:31.051  WARN 1 --- [main] JpaBaseConfiguration$JpaWebConfiguration : spring.jpa.open-in-view is enabled by default. Therefore, database queries may be performed during view rendering. Explicitly configure spring.jpa.open-in-view to disable this warning
2023-03-28 20:33:31.757  INFO 1 --- [main] o.s.b.w.embedded.tomcat.TomcatWebServer  : Tomcat started on port(s): 8001 (http) with context path ''
2023-03-28 20:33:31.771  INFO 1 --- [main] c.msvc.usuarios.MsvcUsuariosApplication  : Started MsvcUsuariosApplication in 7.085 seconds (JVM running for 7.83)
